<?xml version="1.0" encoding="UTF-8"?>
<!-- Generated by org.testng.reporters.JUnitXMLReporter -->
<testsuite hostname="DESKTOP-Q0VBUNO" ignored="2" name="Test" tests="3" failures="0" timestamp="2020-09-28T04:07:11 CDT" time="2.658" errors="0">
  <testcase name="Register_User" time="1.543" classname="TestCase.TC001_Post_Request"/>
  <testcase name="Extract_Value_From_JSON_Body" time="0.8" classname="TestCase.TC003_Get_Request_value_Extract"/>
  <testcase name="User_Info" time="0.296" classname="TestCase.TC002_Get_Request_Print_All_Header"/>
  <testcase name="@BeforeSuite setup" time="0.0" classname="base.TestBase">
    <ignored/>
  </testcase> <!-- @BeforeSuite setup -->
  <testcase name="@BeforeSuite setup" time="0.0" classname="base.TestBase">
    <ignored/>
  </testcase> <!-- @BeforeSuite setup -->
</testsuite> <!-- Test -->
