<?xml version="1.0" encoding="UTF-8"?>
<testng-results skipped="0" failed="0" ignored="2" total="5" passed="3">
  <reporter-output>
  </reporter-output>
  <suite name="Suite" duration-ms="2658" started-at="2020-09-28T04:07:08 CDT" finished-at="2020-09-28T04:07:11 CDT">
    <groups>
    </groups>
    <test name="Test" duration-ms="2658" started-at="2020-09-28T04:07:08 CDT" finished-at="2020-09-28T04:07:11 CDT">
      <class name="TestCase.TC001_Post_Request">
        <test-method status="PASS" signature="setup()[pri:0, instance:TestCase.TC001_Post_Request@2f686d1f]" name="setup" is-config="true" duration-ms="131" started-at="2020-09-28T04:07:08 CDT" finished-at="2020-09-28T04:07:08 CDT">
          <reporter-output>
          </reporter-output>
        </test-method> <!-- setup -->
        <test-method status="PASS" signature="Register_User()[pri:0, instance:TestCase.TC001_Post_Request@2f686d1f]" name="Register_User" duration-ms="1543" started-at="2020-09-28T04:07:08 CDT" finished-at="2020-09-28T04:07:10 CDT">
          <reporter-output>
          </reporter-output>
        </test-method> <!-- Register_User -->
      </class> <!-- TestCase.TC001_Post_Request -->
      <class name="TestCase.TC003_Get_Request_value_Extract">
        <test-method status="PASS" signature="Extract_Value_From_JSON_Body()[pri:0, instance:TestCase.TC003_Get_Request_value_Extract@3fee9989]" name="Extract_Value_From_JSON_Body" duration-ms="800" started-at="2020-09-28T04:07:10 CDT" finished-at="2020-09-28T04:07:10 CDT">
          <reporter-output>
          </reporter-output>
        </test-method> <!-- Extract_Value_From_JSON_Body -->
      </class> <!-- TestCase.TC003_Get_Request_value_Extract -->
      <class name="TestCase.TC002_Get_Request_Print_All_Header">
        <test-method status="PASS" signature="User_Info()[pri:0, instance:TestCase.TC002_Get_Request_Print_All_Header@73ad2d6]" name="User_Info" duration-ms="296" started-at="2020-09-28T04:07:10 CDT" finished-at="2020-09-28T04:07:11 CDT">
          <reporter-output>
          </reporter-output>
        </test-method> <!-- User_Info -->
      </class> <!-- TestCase.TC002_Get_Request_Print_All_Header -->
    </test> <!-- Test -->
  </suite> <!-- Suite -->
</testng-results>
