<?xml version="1.0" encoding="UTF-8"?>
<!-- Generated by org.testng.reporters.JUnitXMLReporter -->
<testsuite hostname="DESKTOP-Q0VBUNO" ignored="0" name="Test" tests="8" failures="0" timestamp="2020-10-01T20:32:39 CDT" time="13.237" errors="0">
  <testcase name="Verify_Response_Body" time="0.033" classname="TestCase.TC002_Get_All_Employees"/>
  <testcase name="verify_Status_Code" time="0.002" classname="TestCase.TC002_Get_All_Employees"/>
  <testcase name="Verify_Response_Body" time="0.004" classname="TestCase.TC001_Post_Request"/>
  <testcase name="verify_Content_Type" time="0.005" classname="TestCase.TC001_Post_Request"/>
  <testcase name="verify_Status_Code" time="0.005" classname="TestCase.TC001_Post_Request"/>
  <testcase name="verify_Status_Line" time="0.003" classname="TestCase.TC001_Post_Request"/>
  <testcase name="Verify_Response_Body" time="0.004" classname="TestCase.TC003_Get_Single_Employee_Record"/>
  <testcase name="verify_Status_Code" time="0.002" classname="TestCase.TC003_Get_Single_Employee_Record"/>
</testsuite> <!-- Test -->
